<?xml version="1.0" encoding="UTF-8"?>
<!-- Generated by org.testng.reporters.JUnitReportReporter -->
<testsuite hostname="DESKTOP-MRIKHM8" failures="0" tests="1" name="marketplace.tests.SearchProductTest" time="20.493" errors="0" timestamp="2024-05-31T16:19:26 WIB" skipped="0">
  <testcase classname="marketplace.tests.SearchProductTest" name="homeBannerSearchProduct" time="20.493"/>
</testsuite> <!-- marketplace.tests.SearchProductTest -->
