<?xml version="1.0" encoding="UTF-8"?>
<!-- Generated by org.testng.reporters.JUnitReportReporter -->
<testsuite hostname="DESKTOP-7OAD8MB" failures="0" tests="2" name="marketplace.tests.SearchProductTest" time="11.994" errors="0" timestamp="2024-06-11T00:48:41 WIB" skipped="0">
  <testcase classname="marketplace.tests.SearchProductTest" name="searchProduct" time="7.567"/>
  <testcase classname="marketplace.tests.SearchProductTest" name="searchProduct" time="4.427"/>
</testsuite> <!-- marketplace.tests.SearchProductTest -->
