<?xml version="1.0" encoding="UTF-8"?>
<!-- Generated by org.testng.reporters.JUnitReportReporter -->
<testsuite hostname="DESKTOP-7OAD8MB" failures="0" tests="4" name="marketplace.tests.LoginTest" time="18.337" errors="0" timestamp="2024-06-11T00:48:41 WIB" skipped="0">
  <testcase classname="marketplace.tests.LoginTest" name="loginApplication" time="4.726"/>
  <testcase classname="marketplace.tests.LoginTest" name="loginWithInvalidEmail" time="5.090"/>
  <testcase classname="marketplace.tests.LoginTest" name="loginWithInvalidPassword" time="4.141"/>
  <testcase classname="marketplace.tests.LoginTest" name="loginApplication" time="4.380"/>
</testsuite> <!-- marketplace.tests.LoginTest -->
