<?xml version="1.0" encoding="UTF-8"?>
<!-- Generated by org.testng.reporters.JUnitReportReporter -->
<testsuite hostname="DESKTOP-7OAD8MB" failures="0" tests="1" name="marketplace.tests.SearchProductTest" time="9.494" errors="0" timestamp="2024-05-31T09:25:51 WIB" skipped="0">
  <testcase classname="marketplace.tests.SearchProductTest" name="homeBannerSearchProduct" time="9.494"/>
</testsuite> <!-- marketplace.tests.SearchProductTest -->
