<?xml version="1.0" encoding="UTF-8"?>
<!-- Generated by org.testng.reporters.JUnitReportReporter -->
<testsuite hostname="DESKTOP-7OAD8MB" failures="0" tests="1" name="marketplace.tests.SearchProductTest" time="7.204" errors="0" timestamp="2024-05-30T10:42:19 WIB" skipped="0">
  <testcase classname="marketplace.tests.SearchProductTest" name="homeBannerSearchProduct" time="7.204"/>
</testsuite> <!-- marketplace.tests.SearchProductTest -->
