<?xml version="1.0" encoding="UTF-8"?>
<!-- Generated by org.testng.reporters.JUnitReportReporter -->
<testsuite hostname="DESKTOP-7OAD8MB" failures="0" tests="1" name="marketplace.tests.LoginTest" time="5.531" errors="0" timestamp="2024-05-29T23:08:20 WIB" skipped="0">
  <testcase classname="marketplace.tests.LoginTest" name="loginApplication" time="5.531"/>
</testsuite> <!-- marketplace.tests.LoginTest -->
