<?xml version="1.0" encoding="UTF-8"?>
<!-- Generated by org.testng.reporters.JUnitReportReporter -->
<testsuite hostname="DESKTOP-MRIKHM8" failures="0" tests="2" name="marketplace.tests.LoginTest" time="8.570" errors="0" timestamp="2024-05-30T14:48:22 WIB" skipped="0">
  <testcase classname="marketplace.tests.LoginTest" name="loginApplication" time="3.679"/>
  <testcase classname="marketplace.tests.LoginTest" name="loginApplication" time="4.891"/>
</testsuite> <!-- marketplace.tests.LoginTest -->
