<?xml version="1.0" encoding="UTF-8"?>
<!-- Generated by org.testng.reporters.JUnitReportReporter -->
<testsuite hostname="DESKTOP-MRIKHM8" failures="0" tests="4" name="marketplace.tests.LoginTest" time="44.705" errors="0" timestamp="2024-06-09T16:25:12 WIB" skipped="0">
  <testcase classname="marketplace.tests.LoginTest" name="loginApplication" time="11.205"/>
  <testcase classname="marketplace.tests.LoginTest" name="loginApplication" time="13.037"/>
  <testcase classname="marketplace.tests.LoginTest" name="loginWithInvalidEmail" time="9.926"/>
  <testcase classname="marketplace.tests.LoginTest" name="loginWithInvalidPassword" time="10.537"/>
</testsuite> <!-- marketplace.tests.LoginTest -->
