<?xml version="1.0" encoding="UTF-8"?>
<!-- Generated by org.testng.reporters.JUnitReportReporter -->
<testsuite hostname="DESKTOP-MRIKHM8" failures="0" tests="2" name="marketplace.tests.SearchProductTest" time="36.302" errors="0" timestamp="2024-06-09T16:07:36 WIB" skipped="0">
  <testcase classname="marketplace.tests.SearchProductTest" name="searchProduct" time="13.314"/>
  <testcase classname="marketplace.tests.SearchProductTest" name="searchProduct" time="22.988"/>
</testsuite> <!-- marketplace.tests.SearchProductTest -->
